<?xml version="1.0" encoding="UTF-8"?>
<!-- Generated by org.testng.reporters.JUnitReportReporter -->
<testsuite hostname="MSI" failures="0" tests="6" name="myProject.LoginPage" time="92.587" errors="0" timestamp="2024-05-26T02:56:45 IST" skipped="0">
  <testcase classname="myProject.LoginPage" name="assertion" time="9.998"/>
  <testcase classname="myProject.LoginPage" name="validTest1" time="17.392"/>
  <testcase classname="myProject.LoginPage" name="negativetest1" time="17.605"/>
  <testcase classname="myProject.LoginPage" name="negativeTest2" time="14.948"/>
  <testcase classname="myProject.LoginPage" name="negativeTest3" time="16.452"/>
  <testcase classname="myProject.LoginPage" name="isAmountSorted" time="16.192"/>
</testsuite> <!-- myProject.LoginPage -->
