<?xml version="1.0" encoding="UTF-8"?>
<!-- Generated by org.testng.reporters.JUnitReportReporter -->
<testsuite hostname="MSI" failures="0" tests="6" name="myProject.LoginPage" time="84.409" errors="0" timestamp="2024-05-25T16:55:58 IST" skipped="0">
  <testcase classname="myProject.LoginPage" name="assertion" time="7.688"/>
  <testcase classname="myProject.LoginPage" name="validTest1" time="15.074"/>
  <testcase classname="myProject.LoginPage" name="negativetest1" time="15.418"/>
  <testcase classname="myProject.LoginPage" name="negativeTest2" time="16.123"/>
  <testcase classname="myProject.LoginPage" name="negativeTest3" time="14.737"/>
  <testcase classname="myProject.LoginPage" name="isAmountSorted" time="15.369"/>
</testsuite> <!-- myProject.LoginPage -->
